\BOOKMARK [1][-]{section.1}{Introduction}{}% 1
\BOOKMARK [2][-]{subsection.1.1}{Overview}{section.1}% 2
\BOOKMARK [2][-]{subsection.1.2}{Motivation}{section.1}% 3
\BOOKMARK [2][-]{subsection.1.3}{Aims \046 Objectives}{section.1}% 4
\BOOKMARK [2][-]{subsection.1.4}{Report Structure}{section.1}% 5
\BOOKMARK [1][-]{section.2}{Background}{}% 6
\BOOKMARK [1][-]{section.3}{Study Design}{}% 7
\BOOKMARK [2][-]{subsection.3.1}{Constructs}{section.3}% 8
\BOOKMARK [2][-]{subsection.3.2}{Survey}{section.3}% 9
\BOOKMARK [3][-]{subsubsection.3.2.1}{Questions}{subsection.3.2}% 10
\BOOKMARK [3][-]{subsubsection.3.2.2}{Participants}{subsection.3.2}% 11
\BOOKMARK [3][-]{subsubsection.3.2.3}{Questions}{subsection.3.2}% 12
\BOOKMARK [2][-]{subsection.3.3}{Static Code Analysis}{section.3}% 13
\BOOKMARK [3][-]{subsubsection.3.3.1}{Sample Code Files}{subsection.3.3}% 14
\BOOKMARK [3][-]{subsubsection.3.3.2}{Open Source Repositories}{subsection.3.3}% 15
\BOOKMARK [2][-]{subsection.3.4}{Git Commit Analysis}{section.3}% 16
\BOOKMARK [1][-]{section.4}{Results}{}% 17
\BOOKMARK [2][-]{subsection.4.1}{Survey}{section.4}% 18
\BOOKMARK [3][-]{subsubsection.4.1.1}{Awareness}{subsection.4.1}% 19
\BOOKMARK [3][-]{subsubsection.4.1.2}{Usage Frequency}{subsection.4.1}% 20
\BOOKMARK [3][-]{subsubsection.4.1.3}{Reasons To Use}{subsection.4.1}% 21
\BOOKMARK [3][-]{subsubsection.4.1.4}{Reasons To Not Use}{subsection.4.1}% 22
\BOOKMARK [3][-]{subsubsection.4.1.5}{Performance}{subsection.4.1}% 23
\BOOKMARK [3][-]{subsubsection.4.1.6}{Usage In Wider Industry}{subsection.4.1}% 24
\BOOKMARK [2][-]{subsection.4.2}{Static Code Analysis}{section.4}% 25
\BOOKMARK [3][-]{subsubsection.4.2.1}{Sample Code Files}{subsection.4.2}% 26
\BOOKMARK [3][-]{subsubsection.4.2.2}{Real-World Code Bases}{subsection.4.2}% 27
\BOOKMARK [1][-]{section.5}{Conclusion}{}% 28
\BOOKMARK [2][-]{subsection.5.1}{Review of Aims}{section.5}% 29
\BOOKMARK [2][-]{subsection.5.2}{Reflections}{section.5}% 30
\BOOKMARK [2][-]{subsection.5.3}{Negative Impacting Circumstances}{section.5}% 31
\BOOKMARK [2][-]{subsection.5.4}{Future Research}{section.5}% 32
\BOOKMARK [2][-]{subsection.5.5}{Closing Statement}{section.5}% 33
